{"D:\\Restaurant Website\\backend\\controllers\\cartController.js": {"path":"D:\\Restaurant Website\\backend\\controllers\\cartController.js","statementMap":{"0":{"start":{"line":1,"column":13},"end":{"line":1,"column":38}},"1":{"start":{"line":2,"column":18},"end":{"line":2,"column":46}},"2":{"start":{"line":3,"column":21},"end":{"line":3,"column":52}},"3":{"start":{"line":5,"column":0},"end":{"line":14,"column":3}},"4":{"start":{"line":6,"column":15},"end":{"line":8,"column":3}},"5":{"start":{"line":10,"column":2},"end":{"line":12,"column":3}},"6":{"start":{"line":11,"column":4},"end":{"line":11,"column":51}},"7":{"start":{"line":13,"column":2},"end":{"line":13,"column":36}},"8":{"start":{"line":16,"column":0},"end":{"line":26,"column":3}},"9":{"start":{"line":17,"column":39},"end":{"line":17,"column":47}},"10":{"start":{"line":18,"column":13},"end":{"line":18,"column":43}},"11":{"start":{"line":19,"column":2},"end":{"line":23,"column":3}},"12":{"start":{"line":20,"column":4},"end":{"line":20,"column":63}},"13":{"start":{"line":22,"column":4},"end":{"line":22,"column":42}},"14":{"start":{"line":24,"column":2},"end":{"line":24,"column":20}},"15":{"start":{"line":25,"column":2},"end":{"line":25,"column":48}},"16":{"start":{"line":28,"column":0},"end":{"line":44,"column":3}},"17":{"start":{"line":29,"column":39},"end":{"line":29,"column":47}},"18":{"start":{"line":30,"column":2},"end":{"line":32,"column":3}},"19":{"start":{"line":31,"column":4},"end":{"line":31,"column":56}},"20":{"start":{"line":34,"column":13},"end":{"line":34,"column":43}},"21":{"start":{"line":35,"column":2},"end":{"line":37,"column":3}},"22":{"start":{"line":36,"column":4},"end":{"line":36,"column":51}},"23":{"start":{"line":39,"column":15},"end":{"line":39,"column":75}},"24":{"start":{"line":39,"column":41},"end":{"line":39,"column":74}},"25":{"start":{"line":40,"column":2},"end":{"line":40,"column":27}},"26":{"start":{"line":41,"column":2},"end":{"line":41,"column":20}},"27":{"start":{"line":43,"column":2},"end":{"line":43,"column":48}},"28":{"start":{"line":46,"column":0},"end":{"line":61,"column":3}},"29":{"start":{"line":47,"column":29},"end":{"line":47,"column":37}},"30":{"start":{"line":48,"column":2},"end":{"line":50,"column":3}},"31":{"start":{"line":49,"column":4},"end":{"line":49,"column":56}},"32":{"start":{"line":52,"column":13},"end":{"line":52,"column":43}},"33":{"start":{"line":53,"column":2},"end":{"line":55,"column":3}},"34":{"start":{"line":54,"column":4},"end":{"line":54,"column":51}},"35":{"start":{"line":57,"column":2},"end":{"line":57,"column":78}},"36":{"start":{"line":57,"column":43},"end":{"line":57,"column":76}},"37":{"start":{"line":59,"column":2},"end":{"line":59,"column":20}},"38":{"start":{"line":60,"column":2},"end":{"line":60,"column":48}},"39":{"start":{"line":63,"column":0},"end":{"line":79,"column":3}},"40":{"start":{"line":64,"column":30},"end":{"line":64,"column":38}},"41":{"start":{"line":65,"column":2},"end":{"line":67,"column":3}},"42":{"start":{"line":66,"column":4},"end":{"line":66,"column":75}},"43":{"start":{"line":68,"column":13},"end":{"line":68,"column":43}},"44":{"start":{"line":69,"column":2},"end":{"line":71,"column":3}},"45":{"start":{"line":70,"column":4},"end":{"line":70,"column":51}},"46":{"start":{"line":73,"column":2},"end":{"line":75,"column":4}},"47":{"start":{"line":74,"column":14},"end":{"line":74,"column":55}},"48":{"start":{"line":76,"column":2},"end":{"line":76,"column":20}},"49":{"start":{"line":78,"column":2},"end":{"line":78,"column":48}},"50":{"start":{"line":81,"column":0},"end":{"line":105,"column":3}},"51":{"start":{"line":82,"column":32},"end":{"line":82,"column":40}},"52":{"start":{"line":83,"column":13},"end":{"line":83,"column":43}},"53":{"start":{"line":84,"column":2},"end":{"line":101,"column":3}},"54":{"start":{"line":85,"column":4},"end":{"line":85,"column":50}},"55":{"start":{"line":87,"column":4},"end":{"line":89,"column":5}},"56":{"start":{"line":88,"column":6},"end":{"line":88,"column":61}},"57":{"start":{"line":91,"column":4},"end":{"line":100,"column":7}},"58":{"start":{"line":92,"column":27},"end":{"line":94,"column":7}},"59":{"start":{"line":93,"column":18},"end":{"line":93,"column":80}},"60":{"start":{"line":95,"column":6},"end":{"line":99,"column":7}},"61":{"start":{"line":96,"column":8},"end":{"line":96,"column":52}},"62":{"start":{"line":98,"column":8},"end":{"line":98,"column":35}},"63":{"start":{"line":103,"column":2},"end":{"line":103,"column":20}},"64":{"start":{"line":104,"column":2},"end":{"line":104,"column":48}}},"fnMap":{"0":{"name":"(anonymous_0)","decl":{"start":{"line":5,"column":39},"end":{"line":5,"column":40}},"loc":{"start":{"line":5,"column":59},"end":{"line":14,"column":1}},"line":5},"1":{"name":"(anonymous_1)","decl":{"start":{"line":16,"column":41},"end":{"line":16,"column":42}},"loc":{"start":{"line":16,"column":61},"end":{"line":26,"column":1}},"line":16},"2":{"name":"(anonymous_2)","decl":{"start":{"line":28,"column":46},"end":{"line":28,"column":47}},"loc":{"start":{"line":28,"column":66},"end":{"line":44,"column":1}},"line":28},"3":{"name":"(anonymous_3)","decl":{"start":{"line":39,"column":31},"end":{"line":39,"column":32}},"loc":{"start":{"line":39,"column":41},"end":{"line":39,"column":74}},"line":39},"4":{"name":"(anonymous_4)","decl":{"start":{"line":46,"column":38},"end":{"line":46,"column":39}},"loc":{"start":{"line":46,"column":58},"end":{"line":61,"column":1}},"line":46},"5":{"name":"(anonymous_5)","decl":{"start":{"line":57,"column":33},"end":{"line":57,"column":34}},"loc":{"start":{"line":57,"column":43},"end":{"line":57,"column":76}},"line":57},"6":{"name":"(anonymous_6)","decl":{"start":{"line":63,"column":47},"end":{"line":63,"column":48}},"loc":{"start":{"line":63,"column":67},"end":{"line":79,"column":1}},"line":63},"7":{"name":"(anonymous_7)","decl":{"start":{"line":74,"column":4},"end":{"line":74,"column":5}},"loc":{"start":{"line":74,"column":14},"end":{"line":74,"column":55}},"line":74},"8":{"name":"(anonymous_8)","decl":{"start":{"line":81,"column":42},"end":{"line":81,"column":43}},"loc":{"start":{"line":81,"column":62},"end":{"line":105,"column":1}},"line":81},"9":{"name":"(anonymous_9)","decl":{"start":{"line":91,"column":22},"end":{"line":91,"column":23}},"loc":{"start":{"line":91,"column":37},"end":{"line":100,"column":5}},"line":91},"10":{"name":"(anonymous_10)","decl":{"start":{"line":93,"column":8},"end":{"line":93,"column":9}},"loc":{"start":{"line":93,"column":18},"end":{"line":93,"column":80}},"line":93}},"branchMap":{"0":{"loc":{"start":{"line":10,"column":2},"end":{"line":12,"column":3}},"type":"if","locations":[{"start":{"line":10,"column":2},"end":{"line":12,"column":3}},{"start":{},"end":{}}],"line":10},"1":{"loc":{"start":{"line":19,"column":2},"end":{"line":23,"column":3}},"type":"if","locations":[{"start":{"line":19,"column":2},"end":{"line":23,"column":3}},{"start":{"line":21,"column":9},"end":{"line":23,"column":3}}],"line":19},"2":{"loc":{"start":{"line":30,"column":2},"end":{"line":32,"column":3}},"type":"if","locations":[{"start":{"line":30,"column":2},"end":{"line":32,"column":3}},{"start":{},"end":{}}],"line":30},"3":{"loc":{"start":{"line":35,"column":2},"end":{"line":37,"column":3}},"type":"if","locations":[{"start":{"line":35,"column":2},"end":{"line":37,"column":3}},{"start":{},"end":{}}],"line":35},"4":{"loc":{"start":{"line":48,"column":2},"end":{"line":50,"column":3}},"type":"if","locations":[{"start":{"line":48,"column":2},"end":{"line":50,"column":3}},{"start":{},"end":{}}],"line":48},"5":{"loc":{"start":{"line":53,"column":2},"end":{"line":55,"column":3}},"type":"if","locations":[{"start":{"line":53,"column":2},"end":{"line":55,"column":3}},{"start":{},"end":{}}],"line":53},"6":{"loc":{"start":{"line":65,"column":2},"end":{"line":67,"column":3}},"type":"if","locations":[{"start":{"line":65,"column":2},"end":{"line":67,"column":3}},{"start":{},"end":{}}],"line":65},"7":{"loc":{"start":{"line":65,"column":6},"end":{"line":65,"column":25}},"type":"binary-expr","locations":[{"start":{"line":65,"column":6},"end":{"line":65,"column":13}},{"start":{"line":65,"column":17},"end":{"line":65,"column":25}}],"line":65},"8":{"loc":{"start":{"line":69,"column":2},"end":{"line":71,"column":3}},"type":"if","locations":[{"start":{"line":69,"column":2},"end":{"line":71,"column":3}},{"start":{},"end":{}}],"line":69},"9":{"loc":{"start":{"line":84,"column":2},"end":{"line":101,"column":3}},"type":"if","locations":[{"start":{"line":84,"column":2},"end":{"line":101,"column":3}},{"start":{"line":86,"column":9},"end":{"line":101,"column":3}}],"line":84},"10":{"loc":{"start":{"line":87,"column":4},"end":{"line":89,"column":5}},"type":"if","locations":[{"start":{"line":87,"column":4},"end":{"line":89,"column":5}},{"start":{},"end":{}}],"line":87},"11":{"loc":{"start":{"line":95,"column":6},"end":{"line":99,"column":7}},"type":"if","locations":[{"start":{"line":95,"column":6},"end":{"line":99,"column":7}},{"start":{"line":97,"column":13},"end":{"line":99,"column":7}}],"line":95}},"s":{"0":10,"1":10,"2":10,"3":10,"4":3,"5":2,"6":1,"7":1,"8":10,"9":2,"10":2,"11":2,"12":0,"13":2,"14":2,"15":2,"16":10,"17":1,"18":1,"19":0,"20":1,"21":1,"22":0,"23":1,"24":1,"25":1,"26":1,"27":1,"28":10,"29":1,"30":1,"31":0,"32":1,"33":1,"34":0,"35":1,"36":1,"37":1,"38":1,"39":10,"40":1,"41":1,"42":0,"43":1,"44":1,"45":0,"46":1,"47":2,"48":1,"49":1,"50":10,"51":1,"52":1,"53":1,"54":0,"55":1,"56":0,"57":1,"58":2,"59":2,"60":2,"61":1,"62":1,"63":1,"64":1},"f":{"0":3,"1":2,"2":1,"3":1,"4":1,"5":1,"6":1,"7":2,"8":1,"9":2,"10":2},"b":{"0":[1,1],"1":[0,2],"2":[0,1],"3":[0,1],"4":[0,1],"5":[0,1],"6":[0,1],"7":[1,1],"8":[0,1],"9":[0,1],"10":[0,1],"11":[1,1]},"_coverageSchema":"1a1c01bbd47fc00a2c39e90264f33305004495a9","hash":"f2df5f1e9d75992163e25b6a7f506f5dbc9f7ca8"}
,"D:\\Restaurant Website\\backend\\controllers\\dishController.js": {"path":"D:\\Restaurant Website\\backend\\controllers\\dishController.js","statementMap":{"0":{"start":{"line":1,"column":13},"end":{"line":1,"column":38}},"1":{"start":{"line":2,"column":21},"end":{"line":2,"column":52}},"2":{"start":{"line":3,"column":18},"end":{"line":3,"column":46}},"3":{"start":{"line":5,"column":0},"end":{"line":8,"column":3}},"4":{"start":{"line":6,"column":17},"end":{"line":6,"column":34}},"5":{"start":{"line":7,"column":2},"end":{"line":7,"column":50}},"6":{"start":{"line":10,"column":0},"end":{"line":17,"column":3}},"7":{"start":{"line":11,"column":15},"end":{"line":11,"column":49}},"8":{"start":{"line":12,"column":2},"end":{"line":14,"column":3}},"9":{"start":{"line":13,"column":4},"end":{"line":13,"column":51}},"10":{"start":{"line":16,"column":2},"end":{"line":16,"column":36}}},"fnMap":{"0":{"name":"(anonymous_0)","decl":{"start":{"line":5,"column":38},"end":{"line":5,"column":39}},"loc":{"start":{"line":5,"column":58},"end":{"line":8,"column":1}},"line":5},"1":{"name":"(anonymous_1)","decl":{"start":{"line":10,"column":39},"end":{"line":10,"column":40}},"loc":{"start":{"line":10,"column":59},"end":{"line":17,"column":1}},"line":10}},"branchMap":{"0":{"loc":{"start":{"line":12,"column":2},"end":{"line":14,"column":3}},"type":"if","locations":[{"start":{"line":12,"column":2},"end":{"line":14,"column":3}},{"start":{},"end":{}}],"line":12}},"s":{"0":10,"1":10,"2":10,"3":10,"4":1,"5":1,"6":10,"7":3,"8":2,"9":1,"10":1},"f":{"0":1,"1":3},"b":{"0":[1,1]},"_coverageSchema":"1a1c01bbd47fc00a2c39e90264f33305004495a9","hash":"fe54285de34c79d48ca94a56eca46ac7345bd5e0"}
,"D:\\Restaurant Website\\backend\\controllers\\favouritesController.js": {"path":"D:\\Restaurant Website\\backend\\controllers\\favouritesController.js","statementMap":{"0":{"start":{"line":1,"column":18},"end":{"line":1,"column":46}},"1":{"start":{"line":2,"column":21},"end":{"line":2,"column":52}},"2":{"start":{"line":3,"column":13},"end":{"line":3,"column":38}},"3":{"start":{"line":5,"column":0},"end":{"line":12,"column":3}},"4":{"start":{"line":6,"column":17},"end":{"line":6,"column":34}},"5":{"start":{"line":7,"column":15},"end":{"line":7,"column":65}},"6":{"start":{"line":8,"column":2},"end":{"line":10,"column":3}},"7":{"start":{"line":9,"column":4},"end":{"line":9,"column":51}},"8":{"start":{"line":11,"column":2},"end":{"line":11,"column":59}},"9":{"start":{"line":14,"column":0},"end":{"line":39,"column":3}},"10":{"start":{"line":15,"column":29},"end":{"line":15,"column":37}},"11":{"start":{"line":17,"column":2},"end":{"line":19,"column":3}},"12":{"start":{"line":18,"column":4},"end":{"line":18,"column":56}},"13":{"start":{"line":21,"column":15},"end":{"line":21,"column":42}},"14":{"start":{"line":22,"column":2},"end":{"line":24,"column":3}},"15":{"start":{"line":23,"column":4},"end":{"line":23,"column":51}},"16":{"start":{"line":26,"column":20},"end":{"line":26,"column":79}},"17":{"start":{"line":26,"column":54},"end":{"line":26,"column":78}},"18":{"start":{"line":28,"column":2},"end":{"line":32,"column":3}},"19":{"start":{"line":29,"column":4},"end":{"line":29,"column":41}},"20":{"start":{"line":31,"column":4},"end":{"line":31,"column":33}},"21":{"start":{"line":34,"column":2},"end":{"line":34,"column":20}},"22":{"start":{"line":36,"column":2},"end":{"line":38,"column":68}}},"fnMap":{"0":{"name":"(anonymous_0)","decl":{"start":{"line":5,"column":45},"end":{"line":5,"column":46}},"loc":{"start":{"line":5,"column":65},"end":{"line":12,"column":1}},"line":5},"1":{"name":"(anonymous_1)","decl":{"start":{"line":14,"column":43},"end":{"line":14,"column":44}},"loc":{"start":{"line":14,"column":63},"end":{"line":39,"column":1}},"line":14},"2":{"name":"(anonymous_2)","decl":{"start":{"line":26,"column":46},"end":{"line":26,"column":47}},"loc":{"start":{"line":26,"column":54},"end":{"line":26,"column":78}},"line":26}},"branchMap":{"0":{"loc":{"start":{"line":8,"column":2},"end":{"line":10,"column":3}},"type":"if","locations":[{"start":{"line":8,"column":2},"end":{"line":10,"column":3}},{"start":{},"end":{}}],"line":8},"1":{"loc":{"start":{"line":17,"column":2},"end":{"line":19,"column":3}},"type":"if","locations":[{"start":{"line":17,"column":2},"end":{"line":19,"column":3}},{"start":{},"end":{}}],"line":17},"2":{"loc":{"start":{"line":22,"column":2},"end":{"line":24,"column":3}},"type":"if","locations":[{"start":{"line":22,"column":2},"end":{"line":24,"column":3}},{"start":{},"end":{}}],"line":22},"3":{"loc":{"start":{"line":28,"column":2},"end":{"line":32,"column":3}},"type":"if","locations":[{"start":{"line":28,"column":2},"end":{"line":32,"column":3}},{"start":{"line":30,"column":9},"end":{"line":32,"column":3}}],"line":28}},"s":{"0":10,"1":10,"2":10,"3":10,"4":3,"5":3,"6":2,"7":1,"8":1,"9":10,"10":4,"11":4,"12":1,"13":3,"14":3,"15":1,"16":2,"17":2,"18":2,"19":1,"20":1,"21":2,"22":2},"f":{"0":3,"1":4,"2":2},"b":{"0":[1,1],"1":[1,3],"2":[1,2],"3":[1,1]},"_coverageSchema":"1a1c01bbd47fc00a2c39e90264f33305004495a9","hash":"4bd76d28a3c9cdf54432be69fbf986d58710d53e"}
,"D:\\Restaurant Website\\backend\\controllers\\orderController.js": {"path":"D:\\Restaurant Website\\backend\\controllers\\orderController.js","statementMap":{"0":{"start":{"line":1,"column":14},"end":{"line":1,"column":40}},"1":{"start":{"line":2,"column":18},"end":{"line":2,"column":46}},"2":{"start":{"line":3,"column":21},"end":{"line":3,"column":52}},"3":{"start":{"line":5,"column":0},"end":{"line":13,"column":3}},"4":{"start":{"line":6,"column":17},"end":{"line":6,"column":34}},"5":{"start":{"line":7,"column":2},"end":{"line":9,"column":3}},"6":{"start":{"line":8,"column":4},"end":{"line":8,"column":56}},"7":{"start":{"line":11,"column":17},"end":{"line":11,"column":70}},"8":{"start":{"line":12,"column":2},"end":{"line":12,"column":38}},"9":{"start":{"line":15,"column":0},"end":{"line":28,"column":3}},"10":{"start":{"line":16,"column":71},"end":{"line":16,"column":79}},"11":{"start":{"line":17,"column":19},"end":{"line":24,"column":4}},"12":{"start":{"line":26,"column":2},"end":{"line":26,"column":24}},"13":{"start":{"line":27,"column":2},"end":{"line":27,"column":52}}},"fnMap":{"0":{"name":"(anonymous_0)","decl":{"start":{"line":5,"column":43},"end":{"line":5,"column":44}},"loc":{"start":{"line":5,"column":63},"end":{"line":13,"column":1}},"line":5},"1":{"name":"(anonymous_1)","decl":{"start":{"line":15,"column":38},"end":{"line":15,"column":39}},"loc":{"start":{"line":15,"column":58},"end":{"line":28,"column":1}},"line":15}},"branchMap":{"0":{"loc":{"start":{"line":7,"column":2},"end":{"line":9,"column":3}},"type":"if","locations":[{"start":{"line":7,"column":2},"end":{"line":9,"column":3}},{"start":{},"end":{}}],"line":7}},"s":{"0":10,"1":10,"2":10,"3":10,"4":2,"5":2,"6":0,"7":2,"8":1,"9":10,"10":1,"11":1,"12":1,"13":1},"f":{"0":2,"1":1},"b":{"0":[0,2]},"_coverageSchema":"1a1c01bbd47fc00a2c39e90264f33305004495a9","hash":"d6c1b8cdb117b604c8019ff6cc24c141b9495291"}
,"D:\\Restaurant Website\\backend\\controllers\\paymentController.js": {"path":"D:\\Restaurant Website\\backend\\controllers\\paymentController.js","statementMap":{"0":{"start":{"line":1,"column":21},"end":{"line":1,"column":52}},"1":{"start":{"line":2,"column":18},"end":{"line":2,"column":46}},"2":{"start":{"line":3,"column":14},"end":{"line":3,"column":40}},"3":{"start":{"line":4,"column":17},"end":{"line":4,"column":36}},"4":{"start":{"line":5,"column":15},"end":{"line":5,"column":32}},"5":{"start":{"line":7,"column":0},"end":{"line":56,"column":3}},"6":{"start":{"line":8,"column":21},"end":{"line":8,"column":29}},"7":{"start":{"line":10,"column":2},"end":{"line":12,"column":3}},"8":{"start":{"line":11,"column":4},"end":{"line":11,"column":55}},"9":{"start":{"line":15,"column":19},"end":{"line":18,"column":4}},"10":{"start":{"line":20,"column":18},"end":{"line":24,"column":3}},"11":{"start":{"line":27,"column":16},"end":{"line":27,"column":53}},"12":{"start":{"line":29,"column":2},"end":{"line":31,"column":3}},"13":{"start":{"line":30,"column":4},"end":{"line":30,"column":54}},"14":{"start":{"line":34,"column":21},"end":{"line":37,"column":5}},"15":{"start":{"line":34,"column":51},"end":{"line":37,"column":3}},"16":{"start":{"line":40,"column":19},"end":{"line":50,"column":4}},"17":{"start":{"line":52,"column":2},"end":{"line":52,"column":24}},"18":{"start":{"line":55,"column":2},"end":{"line":55,"column":37}},"19":{"start":{"line":58,"column":0},"end":{"line":93,"column":3}},"20":{"start":{"line":64,"column":6},"end":{"line":64,"column":14}},"21":{"start":{"line":67,"column":17},"end":{"line":67,"column":73}},"22":{"start":{"line":68,"column":2},"end":{"line":68,"column":59}},"23":{"start":{"line":69,"column":17},"end":{"line":69,"column":37}},"24":{"start":{"line":71,"column":2},"end":{"line":73,"column":3}},"25":{"start":{"line":72,"column":4},"end":{"line":72,"column":58}},"26":{"start":{"line":76,"column":23},"end":{"line":86,"column":3}},"27":{"start":{"line":88,"column":2},"end":{"line":92,"column":5}}},"fnMap":{"0":{"name":"(anonymous_0)","decl":{"start":{"line":7,"column":47},"end":{"line":7,"column":48}},"loc":{"start":{"line":7,"column":67},"end":{"line":56,"column":1}},"line":7},"1":{"name":"(anonymous_1)","decl":{"start":{"line":34,"column":40},"end":{"line":34,"column":41}},"loc":{"start":{"line":34,"column":51},"end":{"line":37,"column":3}},"line":34},"2":{"name":"(anonymous_2)","decl":{"start":{"line":58,"column":50},"end":{"line":58,"column":51}},"loc":{"start":{"line":58,"column":70},"end":{"line":93,"column":1}},"line":58}},"branchMap":{"0":{"loc":{"start":{"line":10,"column":2},"end":{"line":12,"column":3}},"type":"if","locations":[{"start":{"line":10,"column":2},"end":{"line":12,"column":3}},{"start":{},"end":{}}],"line":10},"1":{"loc":{"start":{"line":29,"column":2},"end":{"line":31,"column":3}},"type":"if","locations":[{"start":{"line":29,"column":2},"end":{"line":31,"column":3}},{"start":{},"end":{}}],"line":29},"2":{"loc":{"start":{"line":71,"column":2},"end":{"line":73,"column":3}},"type":"if","locations":[{"start":{"line":71,"column":2},"end":{"line":73,"column":3}},{"start":{},"end":{}}],"line":71}},"s":{"0":10,"1":10,"2":10,"3":10,"4":10,"5":10,"6":2,"7":2,"8":1,"9":1,"10":1,"11":1,"12":1,"13":0,"14":1,"15":1,"16":1,"17":1,"18":1,"19":10,"20":2,"21":2,"22":2,"23":2,"24":2,"25":1,"26":1,"27":1},"f":{"0":2,"1":1,"2":2},"b":{"0":[1,1],"1":[0,1],"2":[1,1]},"_coverageSchema":"1a1c01bbd47fc00a2c39e90264f33305004495a9","hash":"3229adc1a992ab860bc0115d5f2a612580b1364f"}
,"D:\\Restaurant Website\\backend\\controllers\\trackVisitController.js": {"path":"D:\\Restaurant Website\\backend\\controllers\\trackVisitController.js","statementMap":{"0":{"start":{"line":1,"column":17},"end":{"line":1,"column":46}},"1":{"start":{"line":2,"column":18},"end":{"line":2,"column":46}},"2":{"start":{"line":4,"column":0},"end":{"line":15,"column":3}},"3":{"start":{"line":5,"column":13},"end":{"line":5,"column":37}},"4":{"start":{"line":7,"column":2},"end":{"line":11,"column":3}},"5":{"start":{"line":8,"column":4},"end":{"line":8,"column":44}},"6":{"start":{"line":10,"column":4},"end":{"line":10,"column":26}},"7":{"start":{"line":13,"column":2},"end":{"line":13,"column":20}},"8":{"start":{"line":14,"column":2},"end":{"line":14,"column":68}},"9":{"start":{"line":17,"column":0},"end":{"line":21,"column":3}},"10":{"start":{"line":18,"column":15},"end":{"line":18,"column":39}},"11":{"start":{"line":19,"column":16},"end":{"line":19,"column":43}},"12":{"start":{"line":20,"column":2},"end":{"line":20,"column":57}}},"fnMap":{"0":{"name":"(anonymous_0)","decl":{"start":{"line":4,"column":38},"end":{"line":4,"column":39}},"loc":{"start":{"line":4,"column":58},"end":{"line":15,"column":1}},"line":4},"1":{"name":"(anonymous_1)","decl":{"start":{"line":17,"column":41},"end":{"line":17,"column":42}},"loc":{"start":{"line":17,"column":61},"end":{"line":21,"column":1}},"line":17}},"branchMap":{"0":{"loc":{"start":{"line":7,"column":2},"end":{"line":11,"column":3}},"type":"if","locations":[{"start":{"line":7,"column":2},"end":{"line":11,"column":3}},{"start":{"line":9,"column":9},"end":{"line":11,"column":3}}],"line":7},"1":{"loc":{"start":{"line":19,"column":16},"end":{"line":19,"column":43}},"type":"cond-expr","locations":[{"start":{"line":19,"column":23},"end":{"line":19,"column":39}},{"start":{"line":19,"column":42},"end":{"line":19,"column":43}}],"line":19}},"s":{"0":10,"1":10,"2":10,"3":5,"4":5,"5":3,"6":2,"7":5,"8":5,"9":10,"10":2,"11":2,"12":2},"f":{"0":5,"1":2},"b":{"0":[3,2],"1":[1,1]},"_coverageSchema":"1a1c01bbd47fc00a2c39e90264f33305004495a9","hash":"0c7aff653e4bd9c0c4b06350552efb4cdee05e2e"}
,"D:\\Restaurant Website\\backend\\controllers\\userController.js": {"path":"D:\\Restaurant Website\\backend\\controllers\\userController.js","statementMap":{"0":{"start":{"line":1,"column":13},"end":{"line":1,"column":38}},"1":{"start":{"line":2,"column":14},"end":{"line":2,"column":40}},"2":{"start":{"line":3,"column":13},"end":{"line":3,"column":38}},"3":{"start":{"line":4,"column":30},"end":{"line":4,"column":60}},"4":{"start":{"line":5,"column":15},"end":{"line":5,"column":34}},"5":{"start":{"line":6,"column":18},"end":{"line":6,"column":46}},"6":{"start":{"line":7,"column":21},"end":{"line":7,"column":52}},"7":{"start":{"line":10,"column":0},"end":{"line":35,"column":3}},"8":{"start":{"line":11,"column":60},"end":{"line":11,"column":68}},"9":{"start":{"line":13,"column":23},"end":{"line":13,"column":52}},"10":{"start":{"line":14,"column":2},"end":{"line":16,"column":3}},"11":{"start":{"line":15,"column":4},"end":{"line":15,"column":55}},"12":{"start":{"line":18,"column":15},"end":{"line":24,"column":4}},"13":{"start":{"line":26,"column":16},"end":{"line":26,"column":43}},"14":{"start":{"line":27,"column":2},"end":{"line":30,"column":5}},"15":{"start":{"line":32,"column":2},"end":{"line":34,"column":78}},"16":{"start":{"line":37,"column":0},"end":{"line":67,"column":3}},"17":{"start":{"line":38,"column":30},"end":{"line":38,"column":38}},"18":{"start":{"line":39,"column":2},"end":{"line":41,"column":3}},"19":{"start":{"line":40,"column":4},"end":{"line":40,"column":59}},"20":{"start":{"line":43,"column":15},"end":{"line":43,"column":44}},"21":{"start":{"line":44,"column":2},"end":{"line":46,"column":3}},"22":{"start":{"line":45,"column":4},"end":{"line":45,"column":80}},"23":{"start":{"line":48,"column":15},"end":{"line":48,"column":60}},"24":{"start":{"line":49,"column":2},"end":{"line":54,"column":3}},"25":{"start":{"line":50,"column":4},"end":{"line":53,"column":6}},"26":{"start":{"line":56,"column":16},"end":{"line":56,"column":43}},"27":{"start":{"line":57,"column":2},"end":{"line":60,"column":5}},"28":{"start":{"line":62,"column":2},"end":{"line":66,"column":5}},"29":{"start":{"line":69,"column":0},"end":{"line":77,"column":3}},"30":{"start":{"line":70,"column":2},"end":{"line":74,"column":5}},"31":{"start":{"line":76,"column":2},"end":{"line":76,"column":78}},"32":{"start":{"line":79,"column":0},"end":{"line":104,"column":3}},"33":{"start":{"line":80,"column":17},"end":{"line":80,"column":29}},"34":{"start":{"line":81,"column":15},"end":{"line":81,"column":42}},"35":{"start":{"line":83,"column":58},"end":{"line":83,"column":66}},"36":{"start":{"line":85,"column":2},"end":{"line":92,"column":3}},"37":{"start":{"line":86,"column":20},"end":{"line":86,"column":72}},"38":{"start":{"line":87,"column":4},"end":{"line":89,"column":5}},"39":{"start":{"line":88,"column":6},"end":{"line":88,"column":68}},"40":{"start":{"line":91,"column":4},"end":{"line":91,"column":32}},"41":{"start":{"line":94,"column":2},"end":{"line":94,"column":25}},"42":{"start":{"line":95,"column":2},"end":{"line":95,"column":23}},"43":{"start":{"line":97,"column":2},"end":{"line":97,"column":20}},"44":{"start":{"line":99,"column":2},"end":{"line":103,"column":5}},"45":{"start":{"line":106,"column":0},"end":{"line":136,"column":3}},"46":{"start":{"line":107,"column":17},"end":{"line":107,"column":29}},"47":{"start":{"line":108,"column":23},"end":{"line":108,"column":31}},"48":{"start":{"line":110,"column":2},"end":{"line":112,"column":3}},"49":{"start":{"line":111,"column":4},"end":{"line":111,"column":57}},"50":{"start":{"line":114,"column":15},"end":{"line":114,"column":42}},"51":{"start":{"line":115,"column":2},"end":{"line":117,"column":3}},"52":{"start":{"line":116,"column":4},"end":{"line":116,"column":51}},"53":{"start":{"line":119,"column":18},"end":{"line":119,"column":63}},"54":{"start":{"line":120,"column":2},"end":{"line":122,"column":3}},"55":{"start":{"line":121,"column":4},"end":{"line":121,"column":55}},"56":{"start":{"line":124,"column":2},"end":{"line":124,"column":35}},"57":{"start":{"line":125,"column":2},"end":{"line":125,"column":37}},"58":{"start":{"line":127,"column":2},"end":{"line":127,"column":39}},"59":{"start":{"line":129,"column":2},"end":{"line":133,"column":5}},"60":{"start":{"line":135,"column":2},"end":{"line":135,"column":79}}},"fnMap":{"0":{"name":"(anonymous_0)","decl":{"start":{"line":10,"column":34},"end":{"line":10,"column":35}},"loc":{"start":{"line":10,"column":60},"end":{"line":35,"column":1}},"line":10},"1":{"name":"(anonymous_1)","decl":{"start":{"line":37,"column":33},"end":{"line":37,"column":34}},"loc":{"start":{"line":37,"column":59},"end":{"line":67,"column":1}},"line":37},"2":{"name":"(anonymous_2)","decl":{"start":{"line":69,"column":34},"end":{"line":69,"column":35}},"loc":{"start":{"line":69,"column":54},"end":{"line":77,"column":1}},"line":69},"3":{"name":"(anonymous_3)","decl":{"start":{"line":79,"column":45},"end":{"line":79,"column":46}},"loc":{"start":{"line":79,"column":65},"end":{"line":104,"column":1}},"line":79},"4":{"name":"(anonymous_4)","decl":{"start":{"line":106,"column":38},"end":{"line":106,"column":39}},"loc":{"start":{"line":106,"column":58},"end":{"line":136,"column":1}},"line":106}},"branchMap":{"0":{"loc":{"start":{"line":14,"column":2},"end":{"line":16,"column":3}},"type":"if","locations":[{"start":{"line":14,"column":2},"end":{"line":16,"column":3}},{"start":{},"end":{}}],"line":14},"1":{"loc":{"start":{"line":39,"column":2},"end":{"line":41,"column":3}},"type":"if","locations":[{"start":{"line":39,"column":2},"end":{"line":41,"column":3}},{"start":{},"end":{}}],"line":39},"2":{"loc":{"start":{"line":39,"column":6},"end":{"line":39,"column":25}},"type":"binary-expr","locations":[{"start":{"line":39,"column":6},"end":{"line":39,"column":12}},{"start":{"line":39,"column":16},"end":{"line":39,"column":25}}],"line":39},"3":{"loc":{"start":{"line":44,"column":2},"end":{"line":46,"column":3}},"type":"if","locations":[{"start":{"line":44,"column":2},"end":{"line":46,"column":3}},{"start":{},"end":{}}],"line":44},"4":{"loc":{"start":{"line":49,"column":2},"end":{"line":54,"column":3}},"type":"if","locations":[{"start":{"line":49,"column":2},"end":{"line":54,"column":3}},{"start":{},"end":{}}],"line":49},"5":{"loc":{"start":{"line":85,"column":2},"end":{"line":92,"column":3}},"type":"if","locations":[{"start":{"line":85,"column":2},"end":{"line":92,"column":3}},{"start":{},"end":{}}],"line":85},"6":{"loc":{"start":{"line":85,"column":6},"end":{"line":85,"column":36}},"type":"binary-expr","locations":[{"start":{"line":85,"column":6},"end":{"line":85,"column":21}},{"start":{"line":85,"column":25},"end":{"line":85,"column":36}}],"line":85},"7":{"loc":{"start":{"line":87,"column":4},"end":{"line":89,"column":5}},"type":"if","locations":[{"start":{"line":87,"column":4},"end":{"line":89,"column":5}},{"start":{},"end":{}}],"line":87},"8":{"loc":{"start":{"line":110,"column":2},"end":{"line":112,"column":3}},"type":"if","locations":[{"start":{"line":110,"column":2},"end":{"line":112,"column":3}},{"start":{},"end":{}}],"line":110},"9":{"loc":{"start":{"line":115,"column":2},"end":{"line":117,"column":3}},"type":"if","locations":[{"start":{"line":115,"column":2},"end":{"line":117,"column":3}},{"start":{},"end":{}}],"line":115},"10":{"loc":{"start":{"line":120,"column":2},"end":{"line":122,"column":3}},"type":"if","locations":[{"start":{"line":120,"column":2},"end":{"line":122,"column":3}},{"start":{},"end":{}}],"line":120}},"s":{"0":10,"1":10,"2":10,"3":10,"4":10,"5":10,"6":10,"7":10,"8":2,"9":2,"10":2,"11":1,"12":1,"13":1,"14":1,"15":1,"16":10,"17":3,"18":3,"19":0,"20":3,"21":3,"22":1,"23":2,"24":2,"25":1,"26":1,"27":1,"28":1,"29":10,"30":1,"31":1,"32":10,"33":2,"34":2,"35":2,"36":2,"37":2,"38":2,"39":1,"40":1,"41":1,"42":1,"43":1,"44":1,"45":10,"46":4,"47":4,"48":4,"49":0,"50":4,"51":4,"52":1,"53":3,"54":3,"55":1,"56":2,"57":2,"58":2,"59":2,"60":2},"f":{"0":2,"1":3,"2":1,"3":2,"4":4},"b":{"0":[1,1],"1":[0,3],"2":[3,3],"3":[1,2],"4":[1,1],"5":[2,0],"6":[2,2],"7":[1,1],"8":[0,4],"9":[1,3],"10":[1,2]},"_coverageSchema":"1a1c01bbd47fc00a2c39e90264f33305004495a9","hash":"2666d7002d8097fc506e957e06abf21e985f864d"}
,"D:\\Restaurant Website\\backend\\controllers\\admin\\adminDashboardController.js": {"path":"D:\\Restaurant Website\\backend\\controllers\\admin\\adminDashboardController.js","statementMap":{"0":{"start":{"line":1,"column":14},"end":{"line":1,"column":43}},"1":{"start":{"line":2,"column":13},"end":{"line":2,"column":41}},"2":{"start":{"line":3,"column":17},"end":{"line":3,"column":49}},"3":{"start":{"line":4,"column":18},"end":{"line":4,"column":49}},"4":{"start":{"line":6,"column":0},"end":{"line":22,"column":3}},"5":{"start":{"line":7,"column":22},"end":{"line":7,"column":50}},"6":{"start":{"line":8,"column":23},"end":{"line":10,"column":4}},"7":{"start":{"line":12,"column":25},"end":{"line":12,"column":68}},"8":{"start":{"line":13,"column":15},"end":{"line":13,"column":39}},"9":{"start":{"line":14,"column":21},"end":{"line":14,"column":43}},"10":{"start":{"line":16,"column":2},"end":{"line":21,"column":5}}},"fnMap":{"0":{"name":"(anonymous_0)","decl":{"start":{"line":6,"column":44},"end":{"line":6,"column":45}},"loc":{"start":{"line":6,"column":64},"end":{"line":22,"column":1}},"line":6}},"branchMap":{"0":{"loc":{"start":{"line":14,"column":21},"end":{"line":14,"column":43}},"type":"binary-expr","locations":[{"start":{"line":14,"column":21},"end":{"line":14,"column":38}},{"start":{"line":14,"column":42},"end":{"line":14,"column":43}}],"line":14},"1":{"loc":{"start":{"line":18,"column":18},"end":{"line":18,"column":45}},"type":"binary-expr","locations":[{"start":{"line":18,"column":18},"end":{"line":18,"column":40}},{"start":{"line":18,"column":44},"end":{"line":18,"column":45}}],"line":18}},"s":{"0":10,"1":10,"2":10,"3":10,"4":10,"5":2,"6":2,"7":2,"8":2,"9":2,"10":2},"f":{"0":2},"b":{"0":[2,1],"1":[2,1]},"_coverageSchema":"1a1c01bbd47fc00a2c39e90264f33305004495a9","hash":"f4dffd85b5c43facc8f0aa7a51f9de76e76025a3"}
,"D:\\Restaurant Website\\backend\\controllers\\admin\\adminDishController.js": {"path":"D:\\Restaurant Website\\backend\\controllers\\admin\\adminDishController.js","statementMap":{"0":{"start":{"line":1,"column":13},"end":{"line":1,"column":41}},"1":{"start":{"line":2,"column":13},"end":{"line":2,"column":41}},"2":{"start":{"line":3,"column":15},"end":{"line":3,"column":32}},"3":{"start":{"line":4,"column":18},"end":{"line":4,"column":49}},"4":{"start":{"line":5,"column":21},"end":{"line":5,"column":55}},"5":{"start":{"line":7,"column":0},"end":{"line":10,"column":3}},"6":{"start":{"line":8,"column":17},"end":{"line":8,"column":34}},"7":{"start":{"line":9,"column":2},"end":{"line":9,"column":38}},"8":{"start":{"line":12,"column":0},"end":{"line":31,"column":3}},"9":{"start":{"line":14,"column":4},"end":{"line":14,"column":12}},"10":{"start":{"line":16,"column":18},"end":{"line":24,"column":4}},"11":{"start":{"line":26,"column":2},"end":{"line":26,"column":23}},"12":{"start":{"line":28,"column":2},"end":{"line":30,"column":80}},"13":{"start":{"line":33,"column":0},"end":{"line":67,"column":3}},"14":{"start":{"line":43,"column":6},"end":{"line":43,"column":14}},"15":{"start":{"line":45,"column":15},"end":{"line":45,"column":42}},"16":{"start":{"line":46,"column":2},"end":{"line":48,"column":3}},"17":{"start":{"line":47,"column":4},"end":{"line":47,"column":51}},"18":{"start":{"line":51,"column":2},"end":{"line":51,"column":19}},"19":{"start":{"line":52,"column":2},"end":{"line":52,"column":33}},"20":{"start":{"line":53,"column":2},"end":{"line":53,"column":21}},"21":{"start":{"line":54,"column":2},"end":{"line":54,"column":21}},"22":{"start":{"line":55,"column":2},"end":{"line":55,"column":27}},"23":{"start":{"line":56,"column":2},"end":{"line":58,"column":3}},"24":{"start":{"line":57,"column":4},"end":{"line":57,"column":73}},"25":{"start":{"line":57,"column":60},"end":{"line":57,"column":71}},"26":{"start":{"line":59,"column":2},"end":{"line":59,"column":27}},"27":{"start":{"line":62,"column":2},"end":{"line":62,"column":20}},"28":{"start":{"line":64,"column":2},"end":{"line":66,"column":73}},"29":{"start":{"line":69,"column":0},"end":{"line":90,"column":3}},"30":{"start":{"line":70,"column":19},"end":{"line":70,"column":29}},"31":{"start":{"line":71,"column":23},"end":{"line":71,"column":31}},"32":{"start":{"line":73,"column":2},"end":{"line":75,"column":3}},"33":{"start":{"line":74,"column":4},"end":{"line":74,"column":63}},"34":{"start":{"line":77,"column":20},"end":{"line":77,"column":53}},"35":{"start":{"line":79,"column":18},"end":{"line":79,"column":68}},"36":{"start":{"line":80,"column":2},"end":{"line":82,"column":3}},"37":{"start":{"line":81,"column":4},"end":{"line":81,"column":54}},"38":{"start":{"line":84,"column":22},"end":{"line":84,"column":58}},"39":{"start":{"line":85,"column":2},"end":{"line":87,"column":3}},"40":{"start":{"line":86,"column":4},"end":{"line":86,"column":51}},"41":{"start":{"line":89,"column":2},"end":{"line":89,"column":80}}},"fnMap":{"0":{"name":"(anonymous_0)","decl":{"start":{"line":7,"column":40},"end":{"line":7,"column":41}},"loc":{"start":{"line":7,"column":60},"end":{"line":10,"column":1}},"line":7},"1":{"name":"(anonymous_1)","decl":{"start":{"line":12,"column":38},"end":{"line":12,"column":39}},"loc":{"start":{"line":12,"column":58},"end":{"line":31,"column":1}},"line":12},"2":{"name":"(anonymous_2)","decl":{"start":{"line":33,"column":36},"end":{"line":33,"column":37}},"loc":{"start":{"line":33,"column":56},"end":{"line":67,"column":1}},"line":33},"3":{"name":"(anonymous_3)","decl":{"start":{"line":57,"column":50},"end":{"line":57,"column":51}},"loc":{"start":{"line":57,"column":60},"end":{"line":57,"column":71}},"line":57},"4":{"name":"(anonymous_4)","decl":{"start":{"line":69,"column":38},"end":{"line":69,"column":39}},"loc":{"start":{"line":69,"column":58},"end":{"line":90,"column":1}},"line":69}},"branchMap":{"0":{"loc":{"start":{"line":46,"column":2},"end":{"line":48,"column":3}},"type":"if","locations":[{"start":{"line":46,"column":2},"end":{"line":48,"column":3}},{"start":{},"end":{}}],"line":46},"1":{"loc":{"start":{"line":56,"column":2},"end":{"line":58,"column":3}},"type":"if","locations":[{"start":{"line":56,"column":2},"end":{"line":58,"column":3}},{"start":{},"end":{}}],"line":56},"2":{"loc":{"start":{"line":73,"column":2},"end":{"line":75,"column":3}},"type":"if","locations":[{"start":{"line":73,"column":2},"end":{"line":75,"column":3}},{"start":{},"end":{}}],"line":73},"3":{"loc":{"start":{"line":80,"column":2},"end":{"line":82,"column":3}},"type":"if","locations":[{"start":{"line":80,"column":2},"end":{"line":82,"column":3}},{"start":{},"end":{}}],"line":80},"4":{"loc":{"start":{"line":85,"column":2},"end":{"line":87,"column":3}},"type":"if","locations":[{"start":{"line":85,"column":2},"end":{"line":87,"column":3}},{"start":{},"end":{}}],"line":85}},"s":{"0":10,"1":10,"2":10,"3":10,"4":10,"5":10,"6":2,"7":2,"8":10,"9":1,"10":1,"11":1,"12":1,"13":10,"14":2,"15":2,"16":2,"17":1,"18":1,"19":1,"20":1,"21":1,"22":1,"23":1,"24":1,"25":1,"26":1,"27":1,"28":1,"29":10,"30":3,"31":3,"32":3,"33":0,"34":3,"35":3,"36":3,"37":1,"38":2,"39":2,"40":1,"41":1},"f":{"0":2,"1":1,"2":2,"3":1,"4":3},"b":{"0":[1,1],"1":[1,0],"2":[0,3],"3":[1,2],"4":[1,1]},"_coverageSchema":"1a1c01bbd47fc00a2c39e90264f33305004495a9","hash":"74d4bd4c3d52e2d6dec75be5ff57828594dbecc7"}
,"D:\\Restaurant Website\\backend\\controllers\\admin\\adminOrderController.js": {"path":"D:\\Restaurant Website\\backend\\controllers\\admin\\adminOrderController.js","statementMap":{"0":{"start":{"line":1,"column":14},"end":{"line":1,"column":43}},"1":{"start":{"line":2,"column":21},"end":{"line":2,"column":55}},"2":{"start":{"line":3,"column":18},"end":{"line":3,"column":49}},"3":{"start":{"line":5,"column":0},"end":{"line":11,"column":3}},"4":{"start":{"line":6,"column":17},"end":{"line":8,"column":37}},"5":{"start":{"line":10,"column":2},"end":{"line":10,"column":50}},"6":{"start":{"line":13,"column":0},"end":{"line":30,"column":3}},"7":{"start":{"line":14,"column":22},"end":{"line":14,"column":32}},"8":{"start":{"line":15,"column":21},"end":{"line":15,"column":29}},"9":{"start":{"line":17,"column":23},"end":{"line":21,"column":3}},"10":{"start":{"line":23,"column":2},"end":{"line":25,"column":3}},"11":{"start":{"line":24,"column":4},"end":{"line":24,"column":52}},"12":{"start":{"line":27,"column":2},"end":{"line":29,"column":76}},"13":{"start":{"line":32,"column":0},"end":{"line":47,"column":3}},"14":{"start":{"line":33,"column":22},"end":{"line":33,"column":32}},"15":{"start":{"line":34,"column":28},"end":{"line":34,"column":36}},"16":{"start":{"line":36,"column":23},"end":{"line":40,"column":3}},"17":{"start":{"line":42,"column":2},"end":{"line":44,"column":3}},"18":{"start":{"line":43,"column":4},"end":{"line":43,"column":52}},"19":{"start":{"line":46,"column":2},"end":{"line":46,"column":63}},"20":{"start":{"line":49,"column":0},"end":{"line":57,"column":3}},"21":{"start":{"line":50,"column":23},"end":{"line":54,"column":37}},"22":{"start":{"line":56,"column":2},"end":{"line":56,"column":37}}},"fnMap":{"0":{"name":"(anonymous_0)","decl":{"start":{"line":5,"column":40},"end":{"line":5,"column":41}},"loc":{"start":{"line":5,"column":60},"end":{"line":11,"column":1}},"line":5},"1":{"name":"(anonymous_1)","decl":{"start":{"line":13,"column":45},"end":{"line":13,"column":46}},"loc":{"start":{"line":13,"column":65},"end":{"line":30,"column":1}},"line":13},"2":{"name":"(anonymous_2)","decl":{"start":{"line":32,"column":47},"end":{"line":32,"column":48}},"loc":{"start":{"line":32,"column":67},"end":{"line":47,"column":1}},"line":32},"3":{"name":"(anonymous_3)","decl":{"start":{"line":49,"column":43},"end":{"line":49,"column":44}},"loc":{"start":{"line":49,"column":63},"end":{"line":57,"column":1}},"line":49}},"branchMap":{"0":{"loc":{"start":{"line":23,"column":2},"end":{"line":25,"column":3}},"type":"if","locations":[{"start":{"line":23,"column":2},"end":{"line":25,"column":3}},{"start":{},"end":{}}],"line":23},"1":{"loc":{"start":{"line":42,"column":2},"end":{"line":44,"column":3}},"type":"if","locations":[{"start":{"line":42,"column":2},"end":{"line":44,"column":3}},{"start":{},"end":{}}],"line":42}},"s":{"0":10,"1":10,"2":10,"3":10,"4":1,"5":1,"6":10,"7":2,"8":2,"9":2,"10":2,"11":1,"12":1,"13":10,"14":2,"15":2,"16":2,"17":2,"18":1,"19":1,"20":10,"21":1,"22":1},"f":{"0":1,"1":2,"2":2,"3":1},"b":{"0":[1,1],"1":[1,1]},"_coverageSchema":"1a1c01bbd47fc00a2c39e90264f33305004495a9","hash":"d3ede5dc761b2808c16730dcc5cb7b8ba01a700b"}
,"D:\\Restaurant Website\\backend\\middlewares\\AuthMiddleware.js": {"path":"D:\\Restaurant Website\\backend\\middlewares\\AuthMiddleware.js","statementMap":{"0":{"start":{"line":1,"column":13},"end":{"line":1,"column":38}},"1":{"start":{"line":2,"column":0},"end":{"line":2,"column":27}},"2":{"start":{"line":3,"column":12},"end":{"line":3,"column":35}},"3":{"start":{"line":4,"column":21},"end":{"line":4,"column":52}},"4":{"start":{"line":6,"column":0},"end":{"line":28,"column":2}},"5":{"start":{"line":7,"column":16},"end":{"line":7,"column":33}},"6":{"start":{"line":8,"column":2},"end":{"line":10,"column":3}},"7":{"start":{"line":9,"column":4},"end":{"line":9,"column":61}},"8":{"start":{"line":11,"column":2},"end":{"line":27,"column":5}},"9":{"start":{"line":12,"column":4},"end":{"line":26,"column":5}},"10":{"start":{"line":13,"column":6},"end":{"line":13,"column":52}},"11":{"start":{"line":15,"column":6},"end":{"line":25,"column":7}},"12":{"start":{"line":16,"column":21},"end":{"line":16,"column":49}},"13":{"start":{"line":17,"column":8},"end":{"line":22,"column":9}},"14":{"start":{"line":18,"column":10},"end":{"line":18,"column":26}},"15":{"start":{"line":19,"column":10},"end":{"line":19,"column":24}},"16":{"start":{"line":21,"column":10},"end":{"line":21,"column":57}},"17":{"start":{"line":24,"column":8},"end":{"line":24,"column":18}}},"fnMap":{"0":{"name":"(anonymous_0)","decl":{"start":{"line":6,"column":34},"end":{"line":6,"column":35}},"loc":{"start":{"line":6,"column":54},"end":{"line":28,"column":1}},"line":6},"1":{"name":"(anonymous_1)","decl":{"start":{"line":11,"column":43},"end":{"line":11,"column":44}},"loc":{"start":{"line":11,"column":64},"end":{"line":27,"column":3}},"line":11}},"branchMap":{"0":{"loc":{"start":{"line":8,"column":2},"end":{"line":10,"column":3}},"type":"if","locations":[{"start":{"line":8,"column":2},"end":{"line":10,"column":3}},{"start":{},"end":{}}],"line":8},"1":{"loc":{"start":{"line":12,"column":4},"end":{"line":26,"column":5}},"type":"if","locations":[{"start":{"line":12,"column":4},"end":{"line":26,"column":5}},{"start":{"line":14,"column":11},"end":{"line":26,"column":5}}],"line":12},"2":{"loc":{"start":{"line":17,"column":8},"end":{"line":22,"column":9}},"type":"if","locations":[{"start":{"line":17,"column":8},"end":{"line":22,"column":9}},{"start":{"line":20,"column":15},"end":{"line":22,"column":9}}],"line":17}},"s":{"0":6,"1":6,"2":6,"3":6,"4":6,"5":3,"6":3,"7":1,"8":2,"9":2,"10":0,"11":2,"12":2,"13":2,"14":1,"15":1,"16":1,"17":1},"f":{"0":3,"1":2},"b":{"0":[1,2],"1":[0,2],"2":[1,1]},"_coverageSchema":"1a1c01bbd47fc00a2c39e90264f33305004495a9","hash":"9961a48d79e1fd64a3daa873720ff4056d985996"}
,"D:\\Restaurant Website\\backend\\middlewares\\adminMiddleware.js": {"path":"D:\\Restaurant Website\\backend\\middlewares\\adminMiddleware.js","statementMap":{"0":{"start":{"line":1,"column":21},"end":{"line":1,"column":52}},"1":{"start":{"line":3,"column":0},"end":{"line":10,"column":2}},"2":{"start":{"line":4,"column":15},"end":{"line":4,"column":23}},"3":{"start":{"line":5,"column":2},"end":{"line":7,"column":3}},"4":{"start":{"line":6,"column":4},"end":{"line":6,"column":63}},"5":{"start":{"line":9,"column":2},"end":{"line":9,"column":9}}},"fnMap":{"0":{"name":"(anonymous_0)","decl":{"start":{"line":3,"column":33},"end":{"line":3,"column":34}},"loc":{"start":{"line":3,"column":59},"end":{"line":10,"column":1}},"line":3}},"branchMap":{"0":{"loc":{"start":{"line":5,"column":2},"end":{"line":7,"column":3}},"type":"if","locations":[{"start":{"line":5,"column":2},"end":{"line":7,"column":3}},{"start":{},"end":{}}],"line":5},"1":{"loc":{"start":{"line":5,"column":6},"end":{"line":5,"column":36}},"type":"binary-expr","locations":[{"start":{"line":5,"column":6},"end":{"line":5,"column":11}},{"start":{"line":5,"column":15},"end":{"line":5,"column":36}}],"line":5}},"s":{"0":8,"1":8,"2":3,"3":3,"4":2,"5":3},"f":{"0":3},"b":{"0":[2,1],"1":[3,2]},"_coverageSchema":"1a1c01bbd47fc00a2c39e90264f33305004495a9","hash":"02e6e65040a9854765b5222164a73cc80deaaa69"}
,"D:\\Restaurant Website\\backend\\models\\Cart.js": {"path":"D:\\Restaurant Website\\backend\\models\\Cart.js","statementMap":{"0":{"start":{"line":1,"column":17},"end":{"line":1,"column":36}},"1":{"start":{"line":3,"column":19},"end":{"line":24,"column":2}},"2":{"start":{"line":26,"column":13},"end":{"line":26,"column":51}},"3":{"start":{"line":28,"column":0},"end":{"line":28,"column":22}}},"fnMap":{},"branchMap":{},"s":{"0":10,"1":10,"2":10,"3":10},"f":{},"b":{},"_coverageSchema":"1a1c01bbd47fc00a2c39e90264f33305004495a9","hash":"6af5f098bc2023078cf6381c41cc702ec49126fa"}
,"D:\\Restaurant Website\\backend\\models\\Dish.js": {"path":"D:\\Restaurant Website\\backend\\models\\Dish.js","statementMap":{"0":{"start":{"line":1,"column":17},"end":{"line":1,"column":36}},"1":{"start":{"line":3,"column":19},"end":{"line":34,"column":2}},"2":{"start":{"line":36,"column":13},"end":{"line":36,"column":51}},"3":{"start":{"line":38,"column":0},"end":{"line":38,"column":22}}},"fnMap":{},"branchMap":{},"s":{"0":10,"1":10,"2":10,"3":10},"f":{},"b":{},"_coverageSchema":"1a1c01bbd47fc00a2c39e90264f33305004495a9","hash":"cc9c1115b27718a75e98a3f7b54a6fccff6b33af"}
,"D:\\Restaurant Website\\backend\\models\\Order.js": {"path":"D:\\Restaurant Website\\backend\\models\\Order.js","statementMap":{"0":{"start":{"line":1,"column":17},"end":{"line":1,"column":36}},"1":{"start":{"line":3,"column":20},"end":{"line":61,"column":1}},"2":{"start":{"line":63,"column":0},"end":{"line":63,"column":54}}},"fnMap":{},"branchMap":{},"s":{"0":10,"1":10,"2":10},"f":{},"b":{},"_coverageSchema":"1a1c01bbd47fc00a2c39e90264f33305004495a9","hash":"c7ab7b47d34e27ca282e3c93f255ff5ed73f467d"}
,"D:\\Restaurant Website\\backend\\models\\SiteStat.js": {"path":"D:\\Restaurant Website\\backend\\models\\SiteStat.js","statementMap":{"0":{"start":{"line":1,"column":17},"end":{"line":1,"column":36}},"1":{"start":{"line":3,"column":23},"end":{"line":8,"column":2}},"2":{"start":{"line":10,"column":17},"end":{"line":10,"column":59}},"3":{"start":{"line":11,"column":0},"end":{"line":11,"column":26}}},"fnMap":{},"branchMap":{},"s":{"0":10,"1":10,"2":10,"3":10},"f":{},"b":{},"_coverageSchema":"1a1c01bbd47fc00a2c39e90264f33305004495a9","hash":"8b2281748423c08bbb201c2dc3050bdc80d23f65"}
,"D:\\Restaurant Website\\backend\\models\\User.js": {"path":"D:\\Restaurant Website\\backend\\models\\User.js","statementMap":{"0":{"start":{"line":1,"column":17},"end":{"line":1,"column":36}},"1":{"start":{"line":2,"column":19},"end":{"line":2,"column":27}},"2":{"start":{"line":3,"column":15},"end":{"line":3,"column":34}},"3":{"start":{"line":5,"column":19},"end":{"line":38,"column":2}},"4":{"start":{"line":40,"column":0},"end":{"line":42,"column":3}},"5":{"start":{"line":41,"column":2},"end":{"line":41,"column":55}},"6":{"start":{"line":44,"column":0},"end":{"line":44,"column":56}}},"fnMap":{"0":{"name":"(anonymous_0)","decl":{"start":{"line":40,"column":23},"end":{"line":40,"column":24}},"loc":{"start":{"line":40,"column":41},"end":{"line":42,"column":1}},"line":40}},"branchMap":{},"s":{"0":11,"1":11,"2":11,"3":11,"4":11,"5":34,"6":11},"f":{"0":34},"b":{},"_coverageSchema":"1a1c01bbd47fc00a2c39e90264f33305004495a9","hash":"e9f99868ad043f4e309eea5c8ff01e7ebbf63e0d"}
,"D:\\Restaurant Website\\backend\\routes\\cartRoutes.js": {"path":"D:\\Restaurant Website\\backend\\routes\\cartRoutes.js","statementMap":{"0":{"start":{"line":1,"column":16},"end":{"line":1,"column":34}},"1":{"start":{"line":2,"column":15},"end":{"line":2,"column":31}},"2":{"start":{"line":11,"column":4},"end":{"line":11,"column":44}},"3":{"start":{"line":14,"column":0},"end":{"line":14,"column":36}},"4":{"start":{"line":17,"column":0},"end":{"line":17,"column":32}},"5":{"start":{"line":20,"column":0},"end":{"line":20,"column":42}},"6":{"start":{"line":23,"column":0},"end":{"line":23,"column":37}},"7":{"start":{"line":25,"column":0},"end":{"line":25,"column":55}},"8":{"start":{"line":27,"column":0},"end":{"line":27,"column":38}},"9":{"start":{"line":29,"column":0},"end":{"line":29,"column":24}}},"fnMap":{},"branchMap":{},"s":{"0":10,"1":10,"2":10,"3":10,"4":10,"5":10,"6":10,"7":10,"8":10,"9":10},"f":{},"b":{},"_coverageSchema":"1a1c01bbd47fc00a2c39e90264f33305004495a9","hash":"8861bd60c5733af35c82623e305206979c54cc1f"}
,"D:\\Restaurant Website\\backend\\routes\\dishRoutes.js": {"path":"D:\\Restaurant Website\\backend\\routes\\dishRoutes.js","statementMap":{"0":{"start":{"line":1,"column":16},"end":{"line":1,"column":34}},"1":{"start":{"line":2,"column":15},"end":{"line":2,"column":31}},"2":{"start":{"line":4,"column":36},"end":{"line":4,"column":76}},"3":{"start":{"line":6,"column":0},"end":{"line":6,"column":34}},"4":{"start":{"line":8,"column":0},"end":{"line":8,"column":38}},"5":{"start":{"line":10,"column":0},"end":{"line":10,"column":24}}},"fnMap":{},"branchMap":{},"s":{"0":10,"1":10,"2":10,"3":10,"4":10,"5":10},"f":{},"b":{},"_coverageSchema":"1a1c01bbd47fc00a2c39e90264f33305004495a9","hash":"4f0931107132d39055532c9ed56653e05812478f"}
,"D:\\Restaurant Website\\backend\\routes\\favourites.js": {"path":"D:\\Restaurant Website\\backend\\routes\\favourites.js","statementMap":{"0":{"start":{"line":1,"column":16},"end":{"line":1,"column":34}},"1":{"start":{"line":2,"column":15},"end":{"line":2,"column":31}},"2":{"start":{"line":7,"column":4},"end":{"line":7,"column":50}},"3":{"start":{"line":10,"column":0},"end":{"line":10,"column":42}},"4":{"start":{"line":13,"column":0},"end":{"line":13,"column":40}},"5":{"start":{"line":15,"column":0},"end":{"line":15,"column":24}}},"fnMap":{},"branchMap":{},"s":{"0":10,"1":10,"2":10,"3":10,"4":10,"5":10},"f":{},"b":{},"_coverageSchema":"1a1c01bbd47fc00a2c39e90264f33305004495a9","hash":"1b05897ffe414165b9e9c2d5fc580ef25ba850ec"}
,"D:\\Restaurant Website\\backend\\routes\\orderRoutes.js": {"path":"D:\\Restaurant Website\\backend\\routes\\orderRoutes.js","statementMap":{"0":{"start":{"line":1,"column":16},"end":{"line":1,"column":34}},"1":{"start":{"line":2,"column":15},"end":{"line":2,"column":31}},"2":{"start":{"line":7,"column":4},"end":{"line":7,"column":45}},"3":{"start":{"line":10,"column":0},"end":{"line":10,"column":40}},"4":{"start":{"line":13,"column":0},"end":{"line":13,"column":29}},"5":{"start":{"line":15,"column":0},"end":{"line":15,"column":24}}},"fnMap":{},"branchMap":{},"s":{"0":10,"1":10,"2":10,"3":10,"4":10,"5":10},"f":{},"b":{},"_coverageSchema":"1a1c01bbd47fc00a2c39e90264f33305004495a9","hash":"4f43f0274090a821745ff1b056302bc79bd432f1"}
,"D:\\Restaurant Website\\backend\\routes\\payment.js": {"path":"D:\\Restaurant Website\\backend\\routes\\payment.js","statementMap":{"0":{"start":{"line":1,"column":0},"end":{"line":1,"column":27}},"1":{"start":{"line":2,"column":16},"end":{"line":2,"column":34}},"2":{"start":{"line":3,"column":29},"end":{"line":3,"column":69}},"3":{"start":{"line":8,"column":4},"end":{"line":8,"column":47}},"4":{"start":{"line":10,"column":15},"end":{"line":10,"column":31}},"5":{"start":{"line":13,"column":0},"end":{"line":13,"column":62}},"6":{"start":{"line":16,"column":0},"end":{"line":16,"column":48}},"7":{"start":{"line":18,"column":0},"end":{"line":18,"column":24}}},"fnMap":{},"branchMap":{},"s":{"0":10,"1":10,"2":10,"3":10,"4":10,"5":10,"6":10,"7":10},"f":{},"b":{},"_coverageSchema":"1a1c01bbd47fc00a2c39e90264f33305004495a9","hash":"0f54464ffe57be93b466b0eb5f191434bead1873"}
,"D:\\Restaurant Website\\backend\\routes\\trackVisits.js": {"path":"D:\\Restaurant Website\\backend\\routes\\trackVisits.js","statementMap":{"0":{"start":{"line":1,"column":16},"end":{"line":1,"column":34}},"1":{"start":{"line":5,"column":4},"end":{"line":5,"column":50}},"2":{"start":{"line":7,"column":15},"end":{"line":7,"column":31}},"3":{"start":{"line":9,"column":0},"end":{"line":9,"column":40}},"4":{"start":{"line":11,"column":0},"end":{"line":11,"column":42}},"5":{"start":{"line":13,"column":0},"end":{"line":13,"column":24}}},"fnMap":{},"branchMap":{},"s":{"0":10,"1":10,"2":10,"3":10,"4":10,"5":10},"f":{},"b":{},"_coverageSchema":"1a1c01bbd47fc00a2c39e90264f33305004495a9","hash":"6df6fab66efa73ca8352aedd3ddbe342f488684a"}
,"D:\\Restaurant Website\\backend\\routes\\userRoutes.js": {"path":"D:\\Restaurant Website\\backend\\routes\\userRoutes.js","statementMap":{"0":{"start":{"line":1,"column":16},"end":{"line":1,"column":34}},"1":{"start":{"line":3,"column":15},"end":{"line":3,"column":31}},"2":{"start":{"line":10,"column":4},"end":{"line":10,"column":44}},"3":{"start":{"line":11,"column":29},"end":{"line":11,"column":69}},"4":{"start":{"line":14,"column":0},"end":{"line":14,"column":31}},"5":{"start":{"line":17,"column":0},"end":{"line":17,"column":29}},"6":{"start":{"line":20,"column":0},"end":{"line":20,"column":30}},"7":{"start":{"line":22,"column":0},"end":{"line":22,"column":59}},"8":{"start":{"line":24,"column":0},"end":{"line":24,"column":53}},"9":{"start":{"line":26,"column":0},"end":{"line":26,"column":24}}},"fnMap":{},"branchMap":{},"s":{"0":10,"1":10,"2":10,"3":10,"4":10,"5":10,"6":10,"7":10,"8":10,"9":10},"f":{},"b":{},"_coverageSchema":"1a1c01bbd47fc00a2c39e90264f33305004495a9","hash":"7fa7794280106367642668d4dd3ac4106c833885"}
,"D:\\Restaurant Website\\backend\\routes\\admin\\adminDashboardRoutes.js": {"path":"D:\\Restaurant Website\\backend\\routes\\admin\\adminDashboardRoutes.js","statementMap":{"0":{"start":{"line":1,"column":16},"end":{"line":1,"column":34}},"1":{"start":{"line":2,"column":15},"end":{"line":2,"column":31}},"2":{"start":{"line":4,"column":28},"end":{"line":4,"column":72}},"3":{"start":{"line":5,"column":29},"end":{"line":5,"column":72}},"4":{"start":{"line":9,"column":4},"end":{"line":9,"column":63}},"5":{"start":{"line":11,"column":0},"end":{"line":11,"column":69}},"6":{"start":{"line":13,"column":0},"end":{"line":13,"column":24}}},"fnMap":{},"branchMap":{},"s":{"0":10,"1":10,"2":10,"3":10,"4":10,"5":10,"6":10},"f":{},"b":{},"_coverageSchema":"1a1c01bbd47fc00a2c39e90264f33305004495a9","hash":"1156f196ee4f561068e1e63c1deece188058a905"}
,"D:\\Restaurant Website\\backend\\routes\\admin\\adminDishRoutes.js": {"path":"D:\\Restaurant Website\\backend\\routes\\admin\\adminDishRoutes.js","statementMap":{"0":{"start":{"line":1,"column":16},"end":{"line":1,"column":34}},"1":{"start":{"line":2,"column":15},"end":{"line":2,"column":31}},"2":{"start":{"line":3,"column":28},"end":{"line":3,"column":72}},"3":{"start":{"line":4,"column":28},"end":{"line":4,"column":82}},"4":{"start":{"line":5,"column":29},"end":{"line":5,"column":72}},"5":{"start":{"line":7,"column":0},"end":{"line":12,"column":2}},"6":{"start":{"line":13,"column":0},"end":{"line":18,"column":2}},"7":{"start":{"line":19,"column":0},"end":{"line":24,"column":2}},"8":{"start":{"line":25,"column":0},"end":{"line":30,"column":2}},"9":{"start":{"line":32,"column":0},"end":{"line":32,"column":24}}},"fnMap":{},"branchMap":{},"s":{"0":10,"1":10,"2":10,"3":10,"4":10,"5":10,"6":10,"7":10,"8":10,"9":10},"f":{},"b":{},"_coverageSchema":"1a1c01bbd47fc00a2c39e90264f33305004495a9","hash":"ebbbf8c1d8a41bda7f7dcbd357b34708db0ba2cd"}
,"D:\\Restaurant Website\\backend\\routes\\admin\\adminOrderRoutes.js": {"path":"D:\\Restaurant Website\\backend\\routes\\admin\\adminOrderRoutes.js","statementMap":{"0":{"start":{"line":1,"column":16},"end":{"line":1,"column":34}},"1":{"start":{"line":2,"column":15},"end":{"line":2,"column":31}},"2":{"start":{"line":3,"column":28},"end":{"line":3,"column":72}},"3":{"start":{"line":4,"column":29},"end":{"line":4,"column":72}},"4":{"start":{"line":11,"column":4},"end":{"line":11,"column":59}},"5":{"start":{"line":13,"column":0},"end":{"line":13,"column":65}},"6":{"start":{"line":15,"column":0},"end":{"line":20,"column":2}},"7":{"start":{"line":22,"column":0},"end":{"line":27,"column":2}},"8":{"start":{"line":29,"column":0},"end":{"line":34,"column":2}},"9":{"start":{"line":36,"column":0},"end":{"line":36,"column":24}}},"fnMap":{},"branchMap":{},"s":{"0":10,"1":10,"2":10,"3":10,"4":10,"5":10,"6":10,"7":10,"8":10,"9":10},"f":{},"b":{},"_coverageSchema":"1a1c01bbd47fc00a2c39e90264f33305004495a9","hash":"d0c5c1568decbdbab23785ad8e687fd72275f2a6"}
,"D:\\Restaurant Website\\backend\\tests\\testApp.js": {"path":"D:\\Restaurant Website\\backend\\tests\\testApp.js","statementMap":{"0":{"start":{"line":1,"column":16},"end":{"line":1,"column":34}},"1":{"start":{"line":2,"column":17},"end":{"line":2,"column":36}},"2":{"start":{"line":3,"column":13},"end":{"line":3,"column":28}},"3":{"start":{"line":4,"column":21},"end":{"line":4,"column":45}},"4":{"start":{"line":5,"column":21},"end":{"line":5,"column":52}},"5":{"start":{"line":6,"column":12},"end":{"line":6,"column":21}},"6":{"start":{"line":9,"column":0},"end":{"line":9,"column":24}},"7":{"start":{"line":12,"column":0},"end":{"line":12,"column":34}},"8":{"start":{"line":15,"column":0},"end":{"line":21,"column":2}},"9":{"start":{"line":23,"column":0},"end":{"line":23,"column":24}},"10":{"start":{"line":25,"column":0},"end":{"line":25,"column":61}},"11":{"start":{"line":26,"column":0},"end":{"line":26,"column":63}},"12":{"start":{"line":27,"column":0},"end":{"line":27,"column":67}},"13":{"start":{"line":28,"column":0},"end":{"line":28,"column":64}},"14":{"start":{"line":29,"column":0},"end":{"line":29,"column":61}},"15":{"start":{"line":30,"column":0},"end":{"line":30,"column":61}},"16":{"start":{"line":31,"column":0},"end":{"line":31,"column":57}},"17":{"start":{"line":32,"column":0},"end":{"line":35,"column":2}},"18":{"start":{"line":36,"column":0},"end":{"line":36,"column":80}},"19":{"start":{"line":37,"column":0},"end":{"line":37,"column":81}},"20":{"start":{"line":39,"column":0},"end":{"line":41,"column":3}},"21":{"start":{"line":40,"column":2},"end":{"line":40,"column":54}},"22":{"start":{"line":44,"column":0},"end":{"line":54,"column":3}},"23":{"start":{"line":45,"column":60},"end":{"line":45,"column":63}},"24":{"start":{"line":48,"column":2},"end":{"line":50,"column":3}},"25":{"start":{"line":49,"column":4},"end":{"line":49,"column":17}},"26":{"start":{"line":53,"column":2},"end":{"line":53,"column":55}},"27":{"start":{"line":56,"column":0},"end":{"line":56,"column":21}}},"fnMap":{"0":{"name":"(anonymous_0)","decl":{"start":{"line":39,"column":13},"end":{"line":39,"column":14}},"loc":{"start":{"line":39,"column":33},"end":{"line":41,"column":1}},"line":39},"1":{"name":"(anonymous_1)","decl":{"start":{"line":44,"column":8},"end":{"line":44,"column":9}},"loc":{"start":{"line":44,"column":33},"end":{"line":54,"column":1}},"line":44}},"branchMap":{"0":{"loc":{"start":{"line":45,"column":8},"end":{"line":45,"column":20}},"type":"default-arg","locations":[{"start":{"line":45,"column":17},"end":{"line":45,"column":20}}],"line":45},"1":{"loc":{"start":{"line":45,"column":22},"end":{"line":45,"column":55}},"type":"default-arg","locations":[{"start":{"line":45,"column":32},"end":{"line":45,"column":55}}],"line":45},"2":{"loc":{"start":{"line":48,"column":2},"end":{"line":50,"column":3}},"type":"if","locations":[{"start":{"line":48,"column":2},"end":{"line":50,"column":3}},{"start":{},"end":{}}],"line":48},"3":{"loc":{"start":{"line":48,"column":6},"end":{"line":48,"column":63}},"type":"binary-expr","locations":[{"start":{"line":48,"column":6},"end":{"line":48,"column":36}},{"start":{"line":48,"column":40},"end":{"line":48,"column":63}}],"line":48}},"s":{"0":10,"1":10,"2":10,"3":10,"4":10,"5":10,"6":10,"7":10,"8":10,"9":10,"10":10,"11":10,"12":10,"13":10,"14":10,"15":10,"16":10,"17":10,"18":10,"19":10,"20":10,"21":0,"22":10,"23":23,"24":23,"25":4,"26":23,"27":10},"f":{"0":0,"1":23},"b":{"0":[5],"1":[0],"2":[4,19],"3":[23,23]},"_coverageSchema":"1a1c01bbd47fc00a2c39e90264f33305004495a9","hash":"17efda4f00823e0340ed31a20468dfa21f47cfd8"}
,"D:\\Restaurant Website\\backend\\util\\ExpressError.js": {"path":"D:\\Restaurant Website\\backend\\util\\ExpressError.js","statementMap":{"0":{"start":{"line":3,"column":4},"end":{"line":3,"column":12}},"1":{"start":{"line":4,"column":4},"end":{"line":4,"column":25}},"2":{"start":{"line":5,"column":4},"end":{"line":5,"column":27}},"3":{"start":{"line":9,"column":0},"end":{"line":9,"column":30}}},"fnMap":{"0":{"name":"(anonymous_0)","decl":{"start":{"line":2,"column":2},"end":{"line":2,"column":3}},"loc":{"start":{"line":2,"column":31},"end":{"line":6,"column":3}},"line":2}},"branchMap":{},"s":{"0":22,"1":22,"2":22,"3":12},"f":{"0":22},"b":{},"_coverageSchema":"1a1c01bbd47fc00a2c39e90264f33305004495a9","hash":"24d61150ae2cf4d102a23fa60055c89b59e47bf4"}
,"D:\\Restaurant Website\\backend\\util\\SecretToken.js": {"path":"D:\\Restaurant Website\\backend\\util\\SecretToken.js","statementMap":{"0":{"start":{"line":1,"column":0},"end":{"line":1,"column":27}},"1":{"start":{"line":2,"column":12},"end":{"line":2,"column":35}},"2":{"start":{"line":4,"column":0},"end":{"line":8,"column":2}},"3":{"start":{"line":5,"column":2},"end":{"line":7,"column":5}}},"fnMap":{"0":{"name":"(anonymous_0)","decl":{"start":{"line":4,"column":35},"end":{"line":4,"column":36}},"loc":{"start":{"line":4,"column":43},"end":{"line":8,"column":1}},"line":4}},"branchMap":{},"s":{"0":10,"1":10,"2":10,"3":2},"f":{"0":2},"b":{},"_coverageSchema":"1a1c01bbd47fc00a2c39e90264f33305004495a9","hash":"8f544a7bee192751f87d720ecc667db5a992b833"}
,"D:\\Restaurant Website\\backend\\util\\wrapAsync.js": {"path":"D:\\Restaurant Website\\backend\\util\\wrapAsync.js","statementMap":{"0":{"start":{"line":1,"column":0},"end":{"line":5,"column":2}},"1":{"start":{"line":2,"column":2},"end":{"line":4,"column":4}},"2":{"start":{"line":3,"column":4},"end":{"line":3,"column":35}}},"fnMap":{"0":{"name":"(anonymous_0)","decl":{"start":{"line":1,"column":17},"end":{"line":1,"column":18}},"loc":{"start":{"line":1,"column":25},"end":{"line":5,"column":1}},"line":1},"1":{"name":"(anonymous_1)","decl":{"start":{"line":2,"column":9},"end":{"line":2,"column":10}},"loc":{"start":{"line":2,"column":29},"end":{"line":4,"column":3}},"line":2}},"branchMap":{},"s":{"0":10,"1":300,"2":62},"f":{"0":300,"1":62},"b":{},"_coverageSchema":"1a1c01bbd47fc00a2c39e90264f33305004495a9","hash":"891cc8cce3f3300eb9272424da05fa880d742210"}
}
