TN:
SF:controllers\cartController.js
FN:5,(anonymous_0)
FN:16,(anonymous_1)
FN:28,(anonymous_2)
FN:39,(anonymous_3)
FN:46,(anonymous_4)
FN:57,(anonymous_5)
FN:63,(anonymous_6)
FN:74,(anonymous_7)
FN:81,(anonymous_8)
FN:91,(anonymous_9)
FN:93,(anonymous_10)
FNF:11
FNH:11
FNDA:3,(anonymous_0)
FNDA:2,(anonymous_1)
FNDA:1,(anonymous_2)
FNDA:1,(anonymous_3)
FNDA:1,(anonymous_4)
FNDA:1,(anonymous_5)
FNDA:1,(anonymous_6)
FNDA:2,(anonymous_7)
FNDA:1,(anonymous_8)
FNDA:2,(anonymous_9)
FNDA:2,(anonymous_10)
DA:1,10
DA:2,10
DA:3,10
DA:5,10
DA:6,3
DA:10,2
DA:11,1
DA:13,1
DA:16,10
DA:17,2
DA:18,2
DA:19,2
DA:20,0
DA:22,2
DA:24,2
DA:25,2
DA:28,10
DA:29,1
DA:30,1
DA:31,0
DA:34,1
DA:35,1
DA:36,0
DA:39,1
DA:40,1
DA:41,1
DA:43,1
DA:46,10
DA:47,1
DA:48,1
DA:49,0
DA:52,1
DA:53,1
DA:54,0
DA:57,1
DA:59,1
DA:60,1
DA:63,10
DA:64,1
DA:65,1
DA:66,0
DA:68,1
DA:69,1
DA:70,0
DA:73,1
DA:74,2
DA:76,1
DA:78,1
DA:81,10
DA:82,1
DA:83,1
DA:84,1
DA:85,0
DA:87,1
DA:88,0
DA:91,1
DA:92,2
DA:93,2
DA:95,2
DA:96,1
DA:98,1
DA:103,1
DA:104,1
LF:63
LH:54
BRDA:10,0,0,1
BRDA:10,0,1,1
BRDA:19,1,0,0
BRDA:19,1,1,2
BRDA:30,2,0,0
BRDA:30,2,1,1
BRDA:35,3,0,0
BRDA:35,3,1,1
BRDA:48,4,0,0
BRDA:48,4,1,1
BRDA:53,5,0,0
BRDA:53,5,1,1
BRDA:65,6,0,0
BRDA:65,6,1,1
BRDA:65,7,0,1
BRDA:65,7,1,1
BRDA:69,8,0,0
BRDA:69,8,1,1
BRDA:84,9,0,0
BRDA:84,9,1,1
BRDA:87,10,0,0
BRDA:87,10,1,1
BRDA:95,11,0,1
BRDA:95,11,1,1
BRF:24
BRH:15
end_of_record
TN:
SF:controllers\dishController.js
FN:5,(anonymous_0)
FN:10,(anonymous_1)
FNF:2
FNH:2
FNDA:1,(anonymous_0)
FNDA:3,(anonymous_1)
DA:1,10
DA:2,10
DA:3,10
DA:5,10
DA:6,1
DA:7,1
DA:10,10
DA:11,3
DA:12,2
DA:13,1
DA:16,1
LF:11
LH:11
BRDA:12,0,0,1
BRDA:12,0,1,1
BRF:2
BRH:2
end_of_record
TN:
SF:controllers\favouritesController.js
FN:5,(anonymous_0)
FN:14,(anonymous_1)
FN:26,(anonymous_2)
FNF:3
FNH:3
FNDA:3,(anonymous_0)
FNDA:4,(anonymous_1)
FNDA:2,(anonymous_2)
DA:1,10
DA:2,10
DA:3,10
DA:5,10
DA:6,3
DA:7,3
DA:8,2
DA:9,1
DA:11,1
DA:14,10
DA:15,4
DA:17,4
DA:18,1
DA:21,3
DA:22,3
DA:23,1
DA:26,2
DA:28,2
DA:29,1
DA:31,1
DA:34,2
DA:36,2
LF:22
LH:22
BRDA:8,0,0,1
BRDA:8,0,1,1
BRDA:17,1,0,1
BRDA:17,1,1,3
BRDA:22,2,0,1
BRDA:22,2,1,2
BRDA:28,3,0,1
BRDA:28,3,1,1
BRF:8
BRH:8
end_of_record
TN:
SF:controllers\orderController.js
FN:5,(anonymous_0)
FN:15,(anonymous_1)
FNF:2
FNH:2
FNDA:2,(anonymous_0)
FNDA:1,(anonymous_1)
DA:1,10
DA:2,10
DA:3,10
DA:5,10
DA:6,2
DA:7,2
DA:8,0
DA:11,2
DA:12,1
DA:15,10
DA:16,1
DA:17,1
DA:26,1
DA:27,1
LF:14
LH:13
BRDA:7,0,0,0
BRDA:7,0,1,2
BRF:2
BRH:1
end_of_record
TN:
SF:controllers\paymentController.js
FN:7,(anonymous_0)
FN:34,(anonymous_1)
FN:58,(anonymous_2)
FNF:3
FNH:3
FNDA:2,(anonymous_0)
FNDA:1,(anonymous_1)
FNDA:2,(anonymous_2)
DA:1,10
DA:2,10
DA:3,10
DA:4,10
DA:5,10
DA:7,10
DA:8,2
DA:10,2
DA:11,1
DA:15,1
DA:20,1
DA:27,1
DA:29,1
DA:30,0
DA:34,1
DA:40,1
DA:52,1
DA:55,1
DA:58,10
DA:64,2
DA:67,2
DA:68,2
DA:69,2
DA:71,2
DA:72,1
DA:76,1
DA:88,1
LF:27
LH:26
BRDA:10,0,0,1
BRDA:10,0,1,1
BRDA:29,1,0,0
BRDA:29,1,1,1
BRDA:71,2,0,1
BRDA:71,2,1,1
BRF:6
BRH:5
end_of_record
TN:
SF:controllers\trackVisitController.js
FN:4,(anonymous_0)
FN:17,(anonymous_1)
FNF:2
FNH:2
FNDA:5,(anonymous_0)
FNDA:2,(anonymous_1)
DA:1,10
DA:2,10
DA:4,10
DA:5,5
DA:7,5
DA:8,3
DA:10,2
DA:13,5
DA:14,5
DA:17,10
DA:18,2
DA:19,2
DA:20,2
LF:13
LH:13
BRDA:7,0,0,3
BRDA:7,0,1,2
BRDA:19,1,0,1
BRDA:19,1,1,1
BRF:4
BRH:4
end_of_record
TN:
SF:controllers\userController.js
FN:10,(anonymous_0)
FN:37,(anonymous_1)
FN:69,(anonymous_2)
FN:79,(anonymous_3)
FN:106,(anonymous_4)
FNF:5
FNH:5
FNDA:2,(anonymous_0)
FNDA:3,(anonymous_1)
FNDA:1,(anonymous_2)
FNDA:2,(anonymous_3)
FNDA:4,(anonymous_4)
DA:1,10
DA:2,10
DA:3,10
DA:4,10
DA:5,10
DA:6,10
DA:7,10
DA:10,10
DA:11,2
DA:13,2
DA:14,2
DA:15,1
DA:18,1
DA:26,1
DA:27,1
DA:32,1
DA:37,10
DA:38,3
DA:39,3
DA:40,0
DA:43,3
DA:44,3
DA:45,1
DA:48,2
DA:49,2
DA:50,1
DA:56,1
DA:57,1
DA:62,1
DA:69,10
DA:70,1
DA:76,1
DA:79,10
DA:80,2
DA:81,2
DA:83,2
DA:85,2
DA:86,2
DA:87,2
DA:88,1
DA:91,1
DA:94,1
DA:95,1
DA:97,1
DA:99,1
DA:106,10
DA:107,4
DA:108,4
DA:110,4
DA:111,0
DA:114,4
DA:115,4
DA:116,1
DA:119,3
DA:120,3
DA:121,1
DA:124,2
DA:125,2
DA:127,2
DA:129,2
DA:135,2
LF:61
LH:59
BRDA:14,0,0,1
BRDA:14,0,1,1
BRDA:39,1,0,0
BRDA:39,1,1,3
BRDA:39,2,0,3
BRDA:39,2,1,3
BRDA:44,3,0,1
BRDA:44,3,1,2
BRDA:49,4,0,1
BRDA:49,4,1,1
BRDA:85,5,0,2
BRDA:85,5,1,0
BRDA:85,6,0,2
BRDA:85,6,1,2
BRDA:87,7,0,1
BRDA:87,7,1,1
BRDA:110,8,0,0
BRDA:110,8,1,4
BRDA:115,9,0,1
BRDA:115,9,1,3
BRDA:120,10,0,1
BRDA:120,10,1,2
BRF:22
BRH:19
end_of_record
TN:
SF:controllers\admin\adminDashboardController.js
FN:6,(anonymous_0)
FNF:1
FNH:1
FNDA:2,(anonymous_0)
DA:1,10
DA:2,10
DA:3,10
DA:4,10
DA:6,10
DA:7,2
DA:8,2
DA:12,2
DA:13,2
DA:14,2
DA:16,2
LF:11
LH:11
BRDA:14,0,0,2
BRDA:14,0,1,1
BRDA:18,1,0,2
BRDA:18,1,1,1
BRF:4
BRH:4
end_of_record
TN:
SF:controllers\admin\adminDishController.js
FN:7,(anonymous_0)
FN:12,(anonymous_1)
FN:33,(anonymous_2)
FN:57,(anonymous_3)
FN:69,(anonymous_4)
FNF:5
FNH:5
FNDA:2,(anonymous_0)
FNDA:1,(anonymous_1)
FNDA:2,(anonymous_2)
FNDA:1,(anonymous_3)
FNDA:3,(anonymous_4)
DA:1,10
DA:2,10
DA:3,10
DA:4,10
DA:5,10
DA:7,10
DA:8,2
DA:9,2
DA:12,10
DA:14,1
DA:16,1
DA:26,1
DA:28,1
DA:33,10
DA:43,2
DA:45,2
DA:46,2
DA:47,1
DA:51,1
DA:52,1
DA:53,1
DA:54,1
DA:55,1
DA:56,1
DA:57,1
DA:59,1
DA:62,1
DA:64,1
DA:69,10
DA:70,3
DA:71,3
DA:73,3
DA:74,0
DA:77,3
DA:79,3
DA:80,3
DA:81,1
DA:84,2
DA:85,2
DA:86,1
DA:89,1
LF:41
LH:40
BRDA:46,0,0,1
BRDA:46,0,1,1
BRDA:56,1,0,1
BRDA:56,1,1,0
BRDA:73,2,0,0
BRDA:73,2,1,3
BRDA:80,3,0,1
BRDA:80,3,1,2
BRDA:85,4,0,1
BRDA:85,4,1,1
BRF:10
BRH:8
end_of_record
TN:
SF:controllers\admin\adminOrderController.js
FN:5,(anonymous_0)
FN:13,(anonymous_1)
FN:32,(anonymous_2)
FN:49,(anonymous_3)
FNF:4
FNH:4
FNDA:1,(anonymous_0)
FNDA:2,(anonymous_1)
FNDA:2,(anonymous_2)
FNDA:1,(anonymous_3)
DA:1,10
DA:2,10
DA:3,10
DA:5,10
DA:6,1
DA:10,1
DA:13,10
DA:14,2
DA:15,2
DA:17,2
DA:23,2
DA:24,1
DA:27,1
DA:32,10
DA:33,2
DA:34,2
DA:36,2
DA:42,2
DA:43,1
DA:46,1
DA:49,10
DA:50,1
DA:56,1
LF:23
LH:23
BRDA:23,0,0,1
BRDA:23,0,1,1
BRDA:42,1,0,1
BRDA:42,1,1,1
BRF:4
BRH:4
end_of_record
TN:
SF:middlewares\AuthMiddleware.js
FN:6,(anonymous_0)
FN:11,(anonymous_1)
FNF:2
FNH:2
FNDA:3,(anonymous_0)
FNDA:2,(anonymous_1)
DA:1,6
DA:2,6
DA:3,6
DA:4,6
DA:6,6
DA:7,3
DA:8,3
DA:9,1
DA:11,2
DA:12,2
DA:13,0
DA:15,2
DA:16,2
DA:17,2
DA:18,1
DA:19,1
DA:21,1
DA:24,1
LF:18
LH:17
BRDA:8,0,0,1
BRDA:8,0,1,2
BRDA:12,1,0,0
BRDA:12,1,1,2
BRDA:17,2,0,1
BRDA:17,2,1,1
BRF:6
BRH:5
end_of_record
TN:
SF:middlewares\adminMiddleware.js
FN:3,(anonymous_0)
FNF:1
FNH:1
FNDA:3,(anonymous_0)
DA:1,8
DA:3,8
DA:4,3
DA:5,3
DA:6,2
DA:9,3
LF:6
LH:6
BRDA:5,0,0,2
BRDA:5,0,1,1
BRDA:5,1,0,3
BRDA:5,1,1,2
BRF:4
BRH:4
end_of_record
TN:
SF:models\Cart.js
FNF:0
FNH:0
DA:1,10
DA:3,10
DA:26,10
DA:28,10
LF:4
LH:4
BRF:0
BRH:0
end_of_record
TN:
SF:models\Dish.js
FNF:0
FNH:0
DA:1,10
DA:3,10
DA:36,10
DA:38,10
LF:4
LH:4
BRF:0
BRH:0
end_of_record
TN:
SF:models\Order.js
FNF:0
FNH:0
DA:1,10
DA:3,10
DA:63,10
LF:3
LH:3
BRF:0
BRH:0
end_of_record
TN:
SF:models\SiteStat.js
FNF:0
FNH:0
DA:1,10
DA:3,10
DA:10,10
DA:11,10
LF:4
LH:4
BRF:0
BRH:0
end_of_record
TN:
SF:models\User.js
FN:40,(anonymous_0)
FNF:1
FNH:1
FNDA:34,(anonymous_0)
DA:1,11
DA:2,11
DA:3,11
DA:5,11
DA:40,11
DA:41,34
DA:44,11
LF:7
LH:7
BRF:0
BRH:0
end_of_record
TN:
SF:routes\cartRoutes.js
FNF:0
FNH:0
DA:1,10
DA:2,10
DA:11,10
DA:14,10
DA:17,10
DA:20,10
DA:23,10
DA:25,10
DA:27,10
DA:29,10
LF:10
LH:10
BRF:0
BRH:0
end_of_record
TN:
SF:routes\dishRoutes.js
FNF:0
FNH:0
DA:1,10
DA:2,10
DA:4,10
DA:6,10
DA:8,10
DA:10,10
LF:6
LH:6
BRF:0
BRH:0
end_of_record
TN:
SF:routes\favourites.js
FNF:0
FNH:0
DA:1,10
DA:2,10
DA:7,10
DA:10,10
DA:13,10
DA:15,10
LF:6
LH:6
BRF:0
BRH:0
end_of_record
TN:
SF:routes\orderRoutes.js
FNF:0
FNH:0
DA:1,10
DA:2,10
DA:7,10
DA:10,10
DA:13,10
DA:15,10
LF:6
LH:6
BRF:0
BRH:0
end_of_record
TN:
SF:routes\payment.js
FNF:0
FNH:0
DA:1,10
DA:2,10
DA:3,10
DA:8,10
DA:10,10
DA:13,10
DA:16,10
DA:18,10
LF:8
LH:8
BRF:0
BRH:0
end_of_record
TN:
SF:routes\trackVisits.js
FNF:0
FNH:0
DA:1,10
DA:5,10
DA:7,10
DA:9,10
DA:11,10
DA:13,10
LF:6
LH:6
BRF:0
BRH:0
end_of_record
TN:
SF:routes\userRoutes.js
FNF:0
FNH:0
DA:1,10
DA:3,10
DA:10,10
DA:11,10
DA:14,10
DA:17,10
DA:20,10
DA:22,10
DA:24,10
DA:26,10
LF:10
LH:10
BRF:0
BRH:0
end_of_record
TN:
SF:routes\admin\adminDashboardRoutes.js
FNF:0
FNH:0
DA:1,10
DA:2,10
DA:4,10
DA:5,10
DA:9,10
DA:11,10
DA:13,10
LF:7
LH:7
BRF:0
BRH:0
end_of_record
TN:
SF:routes\admin\adminDishRoutes.js
FNF:0
FNH:0
DA:1,10
DA:2,10
DA:3,10
DA:4,10
DA:5,10
DA:7,10
DA:13,10
DA:19,10
DA:25,10
DA:32,10
LF:10
LH:10
BRF:0
BRH:0
end_of_record
TN:
SF:routes\admin\adminOrderRoutes.js
FNF:0
FNH:0
DA:1,10
DA:2,10
DA:3,10
DA:4,10
DA:11,10
DA:13,10
DA:15,10
DA:22,10
DA:29,10
DA:36,10
LF:10
LH:10
BRF:0
BRH:0
end_of_record
TN:
SF:tests\testApp.js
FN:39,(anonymous_0)
FN:44,(anonymous_1)
FNF:2
FNH:1
FNDA:0,(anonymous_0)
FNDA:23,(anonymous_1)
DA:1,10
DA:2,10
DA:3,10
DA:4,10
DA:5,10
DA:6,10
DA:9,10
DA:12,10
DA:15,10
DA:23,10
DA:25,10
DA:26,10
DA:27,10
DA:28,10
DA:29,10
DA:30,10
DA:31,10
DA:32,10
DA:36,10
DA:37,10
DA:39,10
DA:40,0
DA:44,10
DA:45,23
DA:48,23
DA:49,4
DA:53,23
DA:56,10
LF:28
LH:27
BRDA:45,0,0,5
BRDA:45,1,0,0
BRDA:48,2,0,4
BRDA:48,2,1,19
BRDA:48,3,0,23
BRDA:48,3,1,23
BRF:6
BRH:5
end_of_record
TN:
SF:util\ExpressError.js
FN:2,(anonymous_0)
FNF:1
FNH:1
FNDA:22,(anonymous_0)
DA:3,22
DA:4,22
DA:5,22
DA:9,12
LF:4
LH:4
BRF:0
BRH:0
end_of_record
TN:
SF:util\SecretToken.js
FN:4,(anonymous_0)
FNF:1
FNH:1
FNDA:2,(anonymous_0)
DA:1,10
DA:2,10
DA:4,10
DA:5,2
LF:4
LH:4
BRF:0
BRH:0
end_of_record
TN:
SF:util\wrapAsync.js
FN:1,(anonymous_0)
FN:2,(anonymous_1)
FNF:2
FNH:2
FNDA:300,(anonymous_0)
FNDA:62,(anonymous_1)
DA:1,10
DA:2,300
DA:3,62
LF:3
LH:3
BRF:0
BRH:0
end_of_record
